Started GET "/" for 106.72.203.2 at 2021-12-05 02:35:05 +0000
Cannot render console from 106.72.203.2! Allowed networks: 127.0.0.1, ::1, 127.0.0.0/127.255.255.255
  
ActiveRecord::PendingMigrationError (

Migrations are pending. To resolve this issue, run:

        bin/rails db:migrate RAILS_ENV=development

):
  
activerecord (5.2.6) lib/active_record/migration.rb:579:in `check_pending!'
activerecord (5.2.6) lib/active_record/migration.rb:556:in `call'
actionpack (5.2.6) lib/action_dispatch/middleware/callbacks.rb:28:in `block in call'
activesupport (5.2.6) lib/active_support/callbacks.rb:98:in `run_callbacks'
actionpack (5.2.6) lib/action_dispatch/middleware/callbacks.rb:26:in `call'
actionpack (5.2.6) lib/action_dispatch/middleware/executor.rb:14:in `call'
actionpack (5.2.6) lib/action_dispatch/middleware/debug_exceptions.rb:61:in `call'
web-console (3.7.0) lib/web_console/middleware.rb:135:in `call_app'
web-console (3.7.0) lib/web_console/middleware.rb:22:in `block in call'
web-console (3.7.0) lib/web_console/middleware.rb:20:in `catch'
web-console (3.7.0) lib/web_console/middleware.rb:20:in `call'
actionpack (5.2.6) lib/action_dispatch/middleware/show_exceptions.rb:33:in `call'
railties (5.2.6) lib/rails/rack/logger.rb:38:in `call_app'
railties (5.2.6) lib/rails/rack/logger.rb:26:in `block in call'
activesupport (5.2.6) lib/active_support/tagged_logging.rb:71:in `block in tagged'
activesupport (5.2.6) lib/active_support/tagged_logging.rb:28:in `tagged'
activesupport (5.2.6) lib/active_support/tagged_logging.rb:71:in `tagged'
railties (5.2.6) lib/rails/rack/logger.rb:26:in `call'
sprockets-rails (3.2.2) lib/sprockets/rails/quiet_assets.rb:13:in `call'
actionpack (5.2.6) lib/action_dispatch/middleware/remote_ip.rb:81:in `call'
actionpack (5.2.6) lib/action_dispatch/middleware/request_id.rb:27:in `call'
rack (2.2.3) lib/rack/method_override.rb:24:in `call'
rack (2.2.3) lib/rack/runtime.rb:22:in `call'
activesupport (5.2.6) lib/active_support/cache/strategy/local_cache_middleware.rb:29:in `call'
actionpack (5.2.6) lib/action_dispatch/middleware/executor.rb:14:in `call'
actionpack (5.2.6) lib/action_dispatch/middleware/static.rb:127:in `call'
rack (2.2.3) lib/rack/sendfile.rb:110:in `call'
railties (5.2.6) lib/rails/engine.rb:524:in `call'
puma (3.12.6) lib/puma/configuration.rb:227:in `call'
puma (3.12.6) lib/puma/server.rb:706:in `handle_request'
puma (3.12.6) lib/puma/server.rb:476:in `process_client'
puma (3.12.6) lib/puma/server.rb:334:in `block in run'
puma (3.12.6) lib/puma/thread_pool.rb:135:in `block in spawn_thread'
Started GET "/" for 106.72.203.2 at 2021-12-05 02:35:07 +0000
Cannot render console from 106.72.203.2! Allowed networks: 127.0.0.1, ::1, 127.0.0.0/127.255.255.255
  
ActiveRecord::PendingMigrationError (

Migrations are pending. To resolve this issue, run:

        bin/rails db:migrate RAILS_ENV=development

):
  
activerecord (5.2.6) lib/active_record/migration.rb:579:in `check_pending!'
activerecord (5.2.6) lib/active_record/migration.rb:556:in `call'
actionpack (5.2.6) lib/action_dispatch/middleware/callbacks.rb:28:in `block in call'
activesupport (5.2.6) lib/active_support/callbacks.rb:98:in `run_callbacks'
actionpack (5.2.6) lib/action_dispatch/middleware/callbacks.rb:26:in `call'
actionpack (5.2.6) lib/action_dispatch/middleware/executor.rb:14:in `call'
actionpack (5.2.6) lib/action_dispatch/middleware/debug_exceptions.rb:61:in `call'
web-console (3.7.0) lib/web_console/middleware.rb:135:in `call_app'
web-console (3.7.0) lib/web_console/middleware.rb:22:in `block in call'
web-console (3.7.0) lib/web_console/middleware.rb:20:in `catch'
web-console (3.7.0) lib/web_console/middleware.rb:20:in `call'
actionpack (5.2.6) lib/action_dispatch/middleware/show_exceptions.rb:33:in `call'
railties (5.2.6) lib/rails/rack/logger.rb:38:in `call_app'
railties (5.2.6) lib/rails/rack/logger.rb:26:in `block in call'
activesupport (5.2.6) lib/active_support/tagged_logging.rb:71:in `block in tagged'
activesupport (5.2.6) lib/active_support/tagged_logging.rb:28:in `tagged'
activesupport (5.2.6) lib/active_support/tagged_logging.rb:71:in `tagged'
railties (5.2.6) lib/rails/rack/logger.rb:26:in `call'
sprockets-rails (3.2.2) lib/sprockets/rails/quiet_assets.rb:13:in `call'
actionpack (5.2.6) lib/action_dispatch/middleware/remote_ip.rb:81:in `call'
actionpack (5.2.6) lib/action_dispatch/middleware/request_id.rb:27:in `call'
rack (2.2.3) lib/rack/method_override.rb:24:in `call'
rack (2.2.3) lib/rack/runtime.rb:22:in `call'
activesupport (5.2.6) lib/active_support/cache/strategy/local_cache_middleware.rb:29:in `call'
actionpack (5.2.6) lib/action_dispatch/middleware/executor.rb:14:in `call'
actionpack (5.2.6) lib/action_dispatch/middleware/static.rb:127:in `call'
rack (2.2.3) lib/rack/sendfile.rb:110:in `call'
railties (5.2.6) lib/rails/engine.rb:524:in `call'
puma (3.12.6) lib/puma/configuration.rb:227:in `call'
puma (3.12.6) lib/puma/server.rb:706:in `handle_request'
puma (3.12.6) lib/puma/server.rb:476:in `process_client'
puma (3.12.6) lib/puma/server.rb:334:in `block in run'
puma (3.12.6) lib/puma/thread_pool.rb:135:in `block in spawn_thread'
  [1m[35m (0.1ms)[0m  [1m[34mSELECT sqlite_version(*)[0m
  ↳ bin/rails:9
  [1m[35m (7.0ms)[0m  [1m[35mCREATE TABLE "schema_migrations" ("version" varchar NOT NULL PRIMARY KEY)[0m
  ↳ bin/rails:9
  [1m[35m (5.7ms)[0m  [1m[35mCREATE TABLE "ar_internal_metadata" ("key" varchar NOT NULL PRIMARY KEY, "value" varchar, "created_at" datetime NOT NULL, "updated_at" datetime NOT NULL)[0m
  ↳ bin/rails:9
  [1m[35m (0.1ms)[0m  [1m[34mSELECT "schema_migrations"."version" FROM "schema_migrations" ORDER BY "schema_migrations"."version" ASC[0m
  ↳ bin/rails:9
Migrating to DeviseCreateUsers (20210919041634)
  [1m[35m (0.1ms)[0m  [1m[36mbegin transaction[0m
  ↳ bin/rails:9
  [1m[35m (1.0ms)[0m  [1m[35mCREATE TABLE "users" ("id" integer PRIMARY KEY AUTOINCREMENT NOT NULL, "email" varchar DEFAULT '' NOT NULL, "encrypted_password" varchar DEFAULT '' NOT NULL, "reset_password_token" varchar, "reset_password_sent_at" datetime, "remember_created_at" datetime, "name" varchar, "profile_image_id" varchar, "introduction" text, "created_at" datetime NOT NULL, "updated_at" datetime NOT NULL)[0m
  ↳ db/migrate/20210919041634_devise_create_users.rb:5
  [1m[35m (0.2ms)[0m  [1m[35mCREATE UNIQUE INDEX "index_users_on_email" ON "users" ("email")[0m
  ↳ db/migrate/20210919041634_devise_create_users.rb:41
  [1m[35m (0.1ms)[0m  [1m[35mCREATE UNIQUE INDEX "index_users_on_reset_password_token" ON "users" ("reset_password_token")[0m
  ↳ db/migrate/20210919041634_devise_create_users.rb:42
  [1m[36mActiveRecord::SchemaMigration Create (0.1ms)[0m  [1m[32mINSERT INTO "schema_migrations" ("version") VALUES (?)[0m  [["version", "20210919041634"]]
  ↳ bin/rails:9
  [1m[35m (6.7ms)[0m  [1m[36mcommit transaction[0m
  ↳ bin/rails:9
Migrating to CreateBooks (20210919084046)
  [1m[35m (0.0ms)[0m  [1m[36mbegin transaction[0m
  ↳ bin/rails:9
  [1m[35m (0.2ms)[0m  [1m[35mCREATE TABLE "books" ("id" integer PRIMARY KEY AUTOINCREMENT NOT NULL, "title" varchar, "body" varchar, "user_id" integer, "created_at" datetime NOT NULL, "updated_at" datetime NOT NULL)[0m
  ↳ db/migrate/20210919084046_create_books.rb:3
  [1m[36mActiveRecord::SchemaMigration Create (0.1ms)[0m  [1m[32mINSERT INTO "schema_migrations" ("version") VALUES (?)[0m  [["version", "20210919084046"]]
  ↳ bin/rails:9
  [1m[35m (3.9ms)[0m  [1m[36mcommit transaction[0m
  ↳ bin/rails:9
Migrating to AddColumnToUsers (20210924081935)
  [1m[35m (0.0ms)[0m  [1m[36mbegin transaction[0m
  ↳ bin/rails:9
  [1m[35m (0.2ms)[0m  [1m[35mCREATE UNIQUE INDEX "index_users_on_name" ON "users" ("name")[0m
  ↳ db/migrate/20210924081935_add_column_to_users.rb:3
  [1m[36mActiveRecord::SchemaMigration Create (0.1ms)[0m  [1m[32mINSERT INTO "schema_migrations" ("version") VALUES (?)[0m  [["version", "20210924081935"]]
  ↳ bin/rails:9
  [1m[35m (5.1ms)[0m  [1m[36mcommit transaction[0m
  ↳ bin/rails:9
Migrating to CreateFavorites (20211001051059)
  [1m[35m (0.0ms)[0m  [1m[36mbegin transaction[0m
  ↳ bin/rails:9
  [1m[35m (0.2ms)[0m  [1m[35mCREATE TABLE "favorites" ("id" integer PRIMARY KEY AUTOINCREMENT NOT NULL, "user_id" integer, "book_id" integer, "created_at" datetime NOT NULL, "updated_at" datetime NOT NULL)[0m
  ↳ db/migrate/20211001051059_create_favorites.rb:3
  [1m[36mActiveRecord::SchemaMigration Create (0.1ms)[0m  [1m[32mINSERT INTO "schema_migrations" ("version") VALUES (?)[0m  [["version", "20211001051059"]]
  ↳ bin/rails:9
  [1m[35m (5.1ms)[0m  [1m[36mcommit transaction[0m
  ↳ bin/rails:9
Migrating to CreateBookComments (20211001073152)
  [1m[35m (0.0ms)[0m  [1m[36mbegin transaction[0m
  ↳ bin/rails:9
  [1m[35m (0.2ms)[0m  [1m[35mCREATE TABLE "book_comments" ("id" integer PRIMARY KEY AUTOINCREMENT NOT NULL, "comment" text, "user_id" integer, "book_id" integer, "created_at" datetime NOT NULL, "updated_at" datetime NOT NULL)[0m
  ↳ db/migrate/20211001073152_create_book_comments.rb:3
  [1m[36mActiveRecord::SchemaMigration Create (0.1ms)[0m  [1m[32mINSERT INTO "schema_migrations" ("version") VALUES (?)[0m  [["version", "20211001073152"]]
  ↳ bin/rails:9
  [1m[35m (6.1ms)[0m  [1m[36mcommit transaction[0m
  ↳ bin/rails:9
Migrating to CreateRelationships (20211003082523)
  [1m[35m (0.0ms)[0m  [1m[36mbegin transaction[0m
  ↳ bin/rails:9
  [1m[35m (0.2ms)[0m  [1m[35mCREATE TABLE "relationships" ("id" integer PRIMARY KEY AUTOINCREMENT NOT NULL, "follower_id" integer, "followed_id" integer, "created_at" datetime NOT NULL, "updated_at" datetime NOT NULL)[0m
  ↳ db/migrate/20211003082523_create_relationships.rb:3
  [1m[36mActiveRecord::SchemaMigration Create (0.1ms)[0m  [1m[32mINSERT INTO "schema_migrations" ("version") VALUES (?)[0m  [["version", "20211003082523"]]
  ↳ bin/rails:9
  [1m[35m (19.4ms)[0m  [1m[36mcommit transaction[0m
  ↳ bin/rails:9
Migrating to AddColumnToFavorites (20211007062350)
  [1m[35m (0.1ms)[0m  [1m[36mbegin transaction[0m
  ↳ bin/rails:9
  [1m[35m (0.2ms)[0m  [1m[35mCREATE UNIQUE INDEX "index_favorites_on_user_id_and_book_id" ON "favorites" ("user_id", "book_id")[0m
  ↳ db/migrate/20211007062350_add_column_to_favorites.rb:3
  [1m[36mActiveRecord::SchemaMigration Create (0.1ms)[0m  [1m[32mINSERT INTO "schema_migrations" ("version") VALUES (?)[0m  [["version", "20211007062350"]]
  ↳ bin/rails:9
  [1m[35m (5.9ms)[0m  [1m[36mcommit transaction[0m
  ↳ bin/rails:9
  [1m[36mActiveRecord::InternalMetadata Load (0.1ms)[0m  [1m[34mSELECT  "ar_internal_metadata".* FROM "ar_internal_metadata" WHERE "ar_internal_metadata"."key" = ? LIMIT ?[0m  [["key", "environment"], ["LIMIT", 1]]
  ↳ bin/rails:9
  [1m[35m (0.0ms)[0m  [1m[36mbegin transaction[0m
  ↳ bin/rails:9
  [1m[36mActiveRecord::InternalMetadata Create (1.4ms)[0m  [1m[32mINSERT INTO "ar_internal_metadata" ("key", "value", "created_at", "updated_at") VALUES (?, ?, ?, ?)[0m  [["key", "environment"], ["value", "development"], ["created_at", "2021-12-05 02:35:30.742675"], ["updated_at", "2021-12-05 02:35:30.742675"]]
  ↳ bin/rails:9
  [1m[35m (3.5ms)[0m  [1m[36mcommit transaction[0m
  ↳ bin/rails:9
  [1m[35m (0.1ms)[0m  [1m[34mSELECT "schema_migrations"."version" FROM "schema_migrations" ORDER BY "schema_migrations"."version" ASC[0m
  ↳ bin/rails:9
Started GET "/" for 106.72.203.2 at 2021-12-05 02:35:36 +0000
Cannot render console from 106.72.203.2! Allowed networks: 127.0.0.1, ::1, 127.0.0.0/127.255.255.255
  [1m[35m (0.1ms)[0m  [1m[34mSELECT "schema_migrations"."version" FROM "schema_migrations" ORDER BY "schema_migrations"."version" ASC[0m
  ↳ /home/ec2-user/.rvm/gems/ruby-2.6.3/gems/activerecord-5.2.6/lib/active_record/log_subscriber.rb:98
Processing by HomesController#top as HTML
  Rendering homes/top.html.erb within layouts/application
  Rendered homes/top.html.erb within layouts/application (0.5ms)
Completed 200 OK in 7930ms (Views: 7913.2ms | ActiveRecord: 0.0ms)


Started GET "/users/sign_in" for 106.72.203.2 at 2021-12-05 02:35:50 +0000
Cannot render console from 106.72.203.2! Allowed networks: 127.0.0.1, ::1, 127.0.0.0/127.255.255.255
Processing by Devise::SessionsController#new as HTML
  Rendering devise/sessions/new.html.erb within layouts/application
  Rendered devise/shared/_links.html.erb (4.1ms)
  Rendered devise/sessions/new.html.erb within layouts/application (52.8ms)
Completed 200 OK in 167ms (Views: 145.4ms | ActiveRecord: 4.7ms)


Started POST "/users/sign_in" for 106.72.203.2 at 2021-12-05 02:35:57 +0000
Cannot render console from 106.72.203.2! Allowed networks: 127.0.0.1, ::1, 127.0.0.0/127.255.255.255
Processing by Devise::SessionsController#create as HTML
  Parameters: {"utf8"=>"✓", "authenticity_token"=>"s1T2y3ZeeanFqRNzu5Ug+JYHe034/aZBSMYbGfI+vb6qSQcq0gCOz7DkLdG0A2cbxwNwnVnUEdVUVXe5kbk8Mg==", "user"=>{"name"=>"o@k", "password"=>"[FILTERED]", "remember_me"=>"0"}, "commit"=>"Log in"}
  [1m[36mUser Load (0.2ms)[0m  [1m[34mSELECT  "users".* FROM "users" WHERE "users"."name" = ? ORDER BY "users"."id" ASC LIMIT ?[0m  [["name", "o@k"], ["LIMIT", 1]]
  ↳ /home/ec2-user/.rvm/gems/ruby-2.6.3/gems/activerecord-5.2.6/lib/active_record/log_subscriber.rb:98
Completed 401 Unauthorized in 7ms (ActiveRecord: 0.2ms)


Processing by Devise::SessionsController#new as HTML
  Parameters: {"utf8"=>"✓", "authenticity_token"=>"s1T2y3ZeeanFqRNzu5Ug+JYHe034/aZBSMYbGfI+vb6qSQcq0gCOz7DkLdG0A2cbxwNwnVnUEdVUVXe5kbk8Mg==", "user"=>{"name"=>"o@k", "password"=>"[FILTERED]", "remember_me"=>"0"}, "commit"=>"Log in"}
  Rendering devise/sessions/new.html.erb within layouts/application
  Rendered devise/shared/_links.html.erb (0.8ms)
  Rendered devise/sessions/new.html.erb within layouts/application (4.5ms)
Completed 200 OK in 434ms (Views: 105.6ms | ActiveRecord: 0.0ms)


  [1m[36mUser Load (0.4ms)[0m  [1m[34mSELECT  "users".* FROM "users" LIMIT ?[0m  [["LIMIT", 11]]
Started GET "/users/sign_up" for 106.72.203.2 at 2021-12-05 02:38:06 +0000
Cannot render console from 106.72.203.2! Allowed networks: 127.0.0.1, ::1, 127.0.0.0/127.255.255.255
Processing by Devise::RegistrationsController#new as HTML
  Rendering devise/registrations/new.html.erb within layouts/application
  Rendered devise/shared/_error_messages.html.erb (0.4ms)
  Rendered devise/shared/_links.html.erb (0.9ms)
  Rendered devise/registrations/new.html.erb within layouts/application (14.5ms)
Completed 200 OK in 128ms (Views: 127.5ms | ActiveRecord: 0.0ms)


Started POST "/users" for 106.72.203.2 at 2021-12-05 02:38:17 +0000
Cannot render console from 106.72.203.2! Allowed networks: 127.0.0.1, ::1, 127.0.0.0/127.255.255.255
Processing by Devise::RegistrationsController#create as HTML
  Parameters: {"utf8"=>"✓", "authenticity_token"=>"YmT9ZOKD4VFn2K0FD6Y9BdGCzvHrW55bjLBH72IOrcFplpMWLlXYxUKFUIgVuS7WRQxbiCwfFTjJPpLocuKOeg==", "user"=>{"name"=>"noa", "email"=>"no@a", "password"=>"[FILTERED]", "password_confirmation"=>"[FILTERED]"}, "commit"=>"Sign up"}
  [1m[35m (0.1ms)[0m  [1m[36mbegin transaction[0m
  ↳ /home/ec2-user/.rvm/gems/ruby-2.6.3/gems/activerecord-5.2.6/lib/active_record/log_subscriber.rb:98
  [1m[36mUser Exists (0.2ms)[0m  [1m[34mSELECT  1 AS one FROM "users" WHERE "users"."email" = ? LIMIT ?[0m  [["email", "no@a"], ["LIMIT", 1]]
  ↳ /home/ec2-user/.rvm/gems/ruby-2.6.3/gems/activerecord-5.2.6/lib/active_record/log_subscriber.rb:98
  [1m[36mUser Exists (0.1ms)[0m  [1m[34mSELECT  1 AS one FROM "users" WHERE "users"."name" = ? LIMIT ?[0m  [["name", "noa"], ["LIMIT", 1]]
  ↳ /home/ec2-user/.rvm/gems/ruby-2.6.3/gems/activerecord-5.2.6/lib/active_record/log_subscriber.rb:98
  [1m[36mUser Create (0.9ms)[0m  [1m[32mINSERT INTO "users" ("email", "encrypted_password", "name", "created_at", "updated_at") VALUES (?, ?, ?, ?, ?)[0m  [["email", "no@a"], ["encrypted_password", "$2a$12$qoPAYLOeNNM3oi5CzKbCU.9HLDZLdeS3VdQr9L7GkP83RsOQxkNwC"], ["name", "noa"], ["created_at", "2021-12-05 02:38:18.280229"], ["updated_at", "2021-12-05 02:38:18.280229"]]
  ↳ /home/ec2-user/.rvm/gems/ruby-2.6.3/gems/activerecord-5.2.6/lib/active_record/log_subscriber.rb:98
  [1m[35m (8.8ms)[0m  [1m[36mcommit transaction[0m
  ↳ /home/ec2-user/.rvm/gems/ruby-2.6.3/gems/activerecord-5.2.6/lib/active_record/log_subscriber.rb:98
Redirected to https://5ae455f6b81a444e88ef8cad7878acf1.vfs.cloud9.us-east-1.amazonaws.com/users/1
Completed 302 Found in 336ms (ActiveRecord: 10.1ms)


Started GET "/users/1" for 106.72.203.2 at 2021-12-05 02:38:18 +0000
Cannot render console from 106.72.203.2! Allowed networks: 127.0.0.1, ::1, 127.0.0.0/127.255.255.255
Processing by UsersController#show as HTML
  Parameters: {"id"=>"1"}
  [1m[36mUser Load (0.2ms)[0m  [1m[34mSELECT  "users".* FROM "users" WHERE "users"."id" = ? ORDER BY "users"."id" ASC LIMIT ?[0m  [["id", 1], ["LIMIT", 1]]
  ↳ /home/ec2-user/.rvm/gems/ruby-2.6.3/gems/activerecord-5.2.6/lib/active_record/log_subscriber.rb:98
  [1m[36mUser Load (0.2ms)[0m  [1m[34mSELECT  "users".* FROM "users" WHERE "users"."id" = ? LIMIT ?[0m  [["id", 1], ["LIMIT", 1]]
  ↳ app/controllers/users_controller.rb:24
  Rendering users/show.html.erb within layouts/application
  [1m[35m (0.1ms)[0m  [1m[34mSELECT COUNT(*) FROM "relationships" WHERE "relationships"."follower_id" = ?[0m  [["follower_id", 1]]
  ↳ app/views/books/_info.html.erb:15
  [1m[35m (0.1ms)[0m  [1m[34mSELECT COUNT(*) FROM "relationships" WHERE "relationships"."followed_id" = ?[0m  [["followed_id", 1]]
  ↳ app/views/books/_info.html.erb:19
  Rendered books/_info.html.erb (26.1ms)
  Rendered books/_under.html.erb (6.3ms)
  [1m[36mBook Load (0.1ms)[0m  [1m[34mSELECT "books".* FROM "books" WHERE "books"."user_id" = ?[0m  [["user_id", 1]]
  ↳ app/views/users/show.html.erb:20
  Rendered users/show.html.erb within layouts/application (36.6ms)
Completed 200 OK in 218ms (Views: 161.9ms | ActiveRecord: 1.8ms)


Started GET "/books" for 106.72.203.2 at 2021-12-05 02:38:24 +0000
Cannot render console from 106.72.203.2! Allowed networks: 127.0.0.1, ::1, 127.0.0.0/127.255.255.255
Processing by BooksController#index as HTML
  [1m[36mUser Load (0.1ms)[0m  [1m[34mSELECT  "users".* FROM "users" WHERE "users"."id" = ? ORDER BY "users"."id" ASC LIMIT ?[0m  [["id", 1], ["LIMIT", 1]]
  ↳ /home/ec2-user/.rvm/gems/ruby-2.6.3/gems/activerecord-5.2.6/lib/active_record/log_subscriber.rb:98
  Rendering books/index.html.erb within layouts/application
  [1m[35m (0.1ms)[0m  [1m[34mSELECT COUNT(*) FROM "relationships" WHERE "relationships"."follower_id" = ?[0m  [["follower_id", 1]]
  ↳ app/views/books/_info.html.erb:15
  [1m[35m (0.1ms)[0m  [1m[34mSELECT COUNT(*) FROM "relationships" WHERE "relationships"."followed_id" = ?[0m  [["followed_id", 1]]
  ↳ app/views/books/_info.html.erb:19
  Rendered books/_info.html.erb (8.2ms)
  Rendered books/_under.html.erb (0.9ms)
  [1m[36mBook Load (0.1ms)[0m  [1m[34mSELECT "books".* FROM "books"[0m
  ↳ app/views/books/_index.html.erb:12
  Rendered books/_index.html.erb (2.5ms)
  Rendered books/index.html.erb within layouts/application (15.8ms)
Completed 200 OK in 150ms (Views: 145.3ms | ActiveRecord: 0.5ms)


  [1m[36mUser Load (0.1ms)[0m  [1m[34mSELECT  "users".* FROM "users" LIMIT ?[0m  [["LIMIT", 11]]
Started GET "/users" for 106.72.203.2 at 2021-12-05 02:38:36 +0000
Cannot render console from 106.72.203.2! Allowed networks: 127.0.0.1, ::1, 127.0.0.0/127.255.255.255
Processing by UsersController#index as HTML
  [1m[36mUser Load (0.1ms)[0m  [1m[34mSELECT  "users".* FROM "users" WHERE "users"."id" = ? ORDER BY "users"."id" ASC LIMIT ?[0m  [["id", 1], ["LIMIT", 1]]
  ↳ /home/ec2-user/.rvm/gems/ruby-2.6.3/gems/activerecord-5.2.6/lib/active_record/log_subscriber.rb:98
  Rendering users/index.html.erb within layouts/application
  [1m[35m (0.1ms)[0m  [1m[34mSELECT COUNT(*) FROM "relationships" WHERE "relationships"."follower_id" = ?[0m  [["follower_id", 1]]
  ↳ app/views/books/_info.html.erb:15
  [1m[35m (0.1ms)[0m  [1m[34mSELECT COUNT(*) FROM "relationships" WHERE "relationships"."followed_id" = ?[0m  [["followed_id", 1]]
  ↳ app/views/books/_info.html.erb:19
  Rendered books/_info.html.erb (8.9ms)
  Rendered books/_under.html.erb (2.1ms)
  [1m[36mUser Load (0.1ms)[0m  [1m[34mSELECT "users".* FROM "users"[0m
  ↳ app/views/users/index.html.erb:19
  [1m[35mCACHE  (0.0ms)[0m  [1m[34mSELECT COUNT(*) FROM "relationships" WHERE "relationships"."follower_id" = ?[0m  [["follower_id", 1]]
  ↳ app/views/users/index.html.erb:27
  [1m[35mCACHE  (0.0ms)[0m  [1m[34mSELECT COUNT(*) FROM "relationships" WHERE "relationships"."followed_id" = ?[0m  [["followed_id", 1]]
  ↳ app/views/users/index.html.erb:28
  Rendered users/index.html.erb within layouts/application (19.1ms)
Completed 200 OK in 135ms (Views: 130.6ms | ActiveRecord: 0.5ms)


Started GET "/books" for 106.72.203.2 at 2021-12-05 02:38:38 +0000
Cannot render console from 106.72.203.2! Allowed networks: 127.0.0.1, ::1, 127.0.0.0/127.255.255.255
Processing by BooksController#index as HTML
  [1m[36mUser Load (0.1ms)[0m  [1m[34mSELECT  "users".* FROM "users" WHERE "users"."id" = ? ORDER BY "users"."id" ASC LIMIT ?[0m  [["id", 1], ["LIMIT", 1]]
  ↳ /home/ec2-user/.rvm/gems/ruby-2.6.3/gems/activerecord-5.2.6/lib/active_record/log_subscriber.rb:98
  Rendering books/index.html.erb within layouts/application
  [1m[35m (0.1ms)[0m  [1m[34mSELECT COUNT(*) FROM "relationships" WHERE "relationships"."follower_id" = ?[0m  [["follower_id", 1]]
  ↳ app/views/books/_info.html.erb:15
  [1m[35m (0.1ms)[0m  [1m[34mSELECT COUNT(*) FROM "relationships" WHERE "relationships"."followed_id" = ?[0m  [["followed_id", 1]]
  ↳ app/views/books/_info.html.erb:19
  Rendered books/_info.html.erb (9.0ms)
  Rendered books/_under.html.erb (0.9ms)
  [1m[36mBook Load (0.1ms)[0m  [1m[34mSELECT "books".* FROM "books"[0m
  ↳ app/views/books/_index.html.erb:12
  Rendered books/_index.html.erb (2.4ms)
  Rendered books/index.html.erb within layouts/application (15.9ms)
Completed 200 OK in 117ms (Views: 113.0ms | ActiveRecord: 0.4ms)


Started GET "/users/1" for 106.72.203.2 at 2021-12-05 02:38:40 +0000
Cannot render console from 106.72.203.2! Allowed networks: 127.0.0.1, ::1, 127.0.0.0/127.255.255.255
Processing by UsersController#show as HTML
  Parameters: {"id"=>"1"}
  [1m[36mUser Load (0.1ms)[0m  [1m[34mSELECT  "users".* FROM "users" WHERE "users"."id" = ? ORDER BY "users"."id" ASC LIMIT ?[0m  [["id", 1], ["LIMIT", 1]]
  ↳ /home/ec2-user/.rvm/gems/ruby-2.6.3/gems/activerecord-5.2.6/lib/active_record/log_subscriber.rb:98
  [1m[36mUser Load (0.1ms)[0m  [1m[34mSELECT  "users".* FROM "users" WHERE "users"."id" = ? LIMIT ?[0m  [["id", 1], ["LIMIT", 1]]
  ↳ app/controllers/users_controller.rb:24
  Rendering users/show.html.erb within layouts/application
  [1m[35m (0.2ms)[0m  [1m[34mSELECT COUNT(*) FROM "relationships" WHERE "relationships"."follower_id" = ?[0m  [["follower_id", 1]]
  ↳ app/views/books/_info.html.erb:15
  [1m[35m (0.1ms)[0m  [1m[34mSELECT COUNT(*) FROM "relationships" WHERE "relationships"."followed_id" = ?[0m  [["followed_id", 1]]
  ↳ app/views/books/_info.html.erb:19
  Rendered books/_info.html.erb (8.7ms)
  Rendered books/_under.html.erb (0.9ms)
  [1m[36mBook Load (0.1ms)[0m  [1m[34mSELECT "books".* FROM "books" WHERE "books"."user_id" = ?[0m  [["user_id", 1]]
  ↳ app/views/users/show.html.erb:20
  Rendered users/show.html.erb within layouts/application (15.4ms)
Completed 200 OK in 148ms (Views: 141.7ms | ActiveRecord: 0.5ms)


Started GET "/books" for 106.72.203.2 at 2021-12-05 02:45:26 +0000
Cannot render console from 106.72.203.2! Allowed networks: 127.0.0.1, ::1, 127.0.0.0/127.255.255.255
Processing by BooksController#index as HTML
  [1m[36mUser Load (0.2ms)[0m  [1m[34mSELECT  "users".* FROM "users" WHERE "users"."id" = ? ORDER BY "users"."id" ASC LIMIT ?[0m  [["id", 1], ["LIMIT", 1]]
  ↳ /home/ec2-user/.rvm/gems/ruby-2.6.3/gems/activerecord-5.2.6/lib/active_record/log_subscriber.rb:98
  Rendering books/index.html.erb within layouts/application
  [1m[35m (0.1ms)[0m  [1m[34mSELECT COUNT(*) FROM "relationships" WHERE "relationships"."follower_id" = ?[0m  [["follower_id", 1]]
  ↳ app/views/books/_info.html.erb:15
  [1m[35m (0.1ms)[0m  [1m[34mSELECT COUNT(*) FROM "relationships" WHERE "relationships"."followed_id" = ?[0m  [["followed_id", 1]]
  ↳ app/views/books/_info.html.erb:19
  Rendered books/_info.html.erb (11.6ms)
  Rendered books/_under.html.erb (1.0ms)
  [1m[36mBook Load (0.1ms)[0m  [1m[34mSELECT "books".* FROM "books"[0m
  ↳ app/views/books/_index.html.erb:12
  Rendered books/_index.html.erb (2.8ms)
  Rendered books/index.html.erb within layouts/application (19.2ms)
Completed 200 OK in 122ms (Views: 117.0ms | ActiveRecord: 0.5ms)


Started POST "/books" for 106.72.203.2 at 2021-12-05 02:45:34 +0000
Cannot render console from 106.72.203.2! Allowed networks: 127.0.0.1, ::1, 127.0.0.0/127.255.255.255
Processing by BooksController#create as HTML
  Parameters: {"utf8"=>"✓", "authenticity_token"=>"pf8H1XrUJT7t8IiVfb2DEZ5YLmtWRI6wJb4MmbqsmtOTr8quSbua1OeaXkfipP0wLqFBO8L9g0Ef8cc8jw3VpA==", "book"=>{"title"=>"test", "body"=>"test"}, "commit"=>"Create Book"}
  [1m[36mUser Load (0.1ms)[0m  [1m[34mSELECT  "users".* FROM "users" WHERE "users"."id" = ? ORDER BY "users"."id" ASC LIMIT ?[0m  [["id", 1], ["LIMIT", 1]]
  ↳ /home/ec2-user/.rvm/gems/ruby-2.6.3/gems/activerecord-5.2.6/lib/active_record/log_subscriber.rb:98
  [1m[35m (0.1ms)[0m  [1m[36mbegin transaction[0m
  ↳ app/controllers/books_controller.rb:14
  [1m[36mUser Load (0.2ms)[0m  [1m[34mSELECT  "users".* FROM "users" WHERE "users"."id" = ? LIMIT ?[0m  [["id", 1], ["LIMIT", 1]]
  ↳ app/controllers/books_controller.rb:14
  [1m[36mBook Create (1.2ms)[0m  [1m[32mINSERT INTO "books" ("title", "body", "user_id", "created_at", "updated_at") VALUES (?, ?, ?, ?, ?)[0m  [["title", "test"], ["body", "test"], ["user_id", 1], ["created_at", "2021-12-05 02:45:34.643704"], ["updated_at", "2021-12-05 02:45:34.643704"]]
  ↳ app/controllers/books_controller.rb:14
  [1m[35m (6.3ms)[0m  [1m[36mcommit transaction[0m
  ↳ app/controllers/books_controller.rb:14
Redirected to https://5ae455f6b81a444e88ef8cad7878acf1.vfs.cloud9.us-east-1.amazonaws.com/books/1
Completed 302 Found in 38ms (ActiveRecord: 7.9ms)


Started GET "/books/1" for 106.72.203.2 at 2021-12-05 02:45:34 +0000
Cannot render console from 106.72.203.2! Allowed networks: 127.0.0.1, ::1, 127.0.0.0/127.255.255.255
Processing by BooksController#show as HTML
  Parameters: {"id"=>"1"}
  [1m[36mUser Load (0.1ms)[0m  [1m[34mSELECT  "users".* FROM "users" WHERE "users"."id" = ? ORDER BY "users"."id" ASC LIMIT ?[0m  [["id", 1], ["LIMIT", 1]]
  ↳ /home/ec2-user/.rvm/gems/ruby-2.6.3/gems/activerecord-5.2.6/lib/active_record/log_subscriber.rb:98
  [1m[36mBook Load (0.1ms)[0m  [1m[34mSELECT  "books".* FROM "books" WHERE "books"."id" = ? LIMIT ?[0m  [["id", 1], ["LIMIT", 1]]
  ↳ app/controllers/books_controller.rb:27
  [1m[36mUser Load (0.1ms)[0m  [1m[34mSELECT  "users".* FROM "users" WHERE "users"."id" = ? LIMIT ?[0m  [["id", 1], ["LIMIT", 1]]
  ↳ app/controllers/books_controller.rb:28
  Rendering books/show.html.erb within layouts/application
  [1m[35m (0.2ms)[0m  [1m[34mSELECT COUNT(*) FROM "relationships" WHERE "relationships"."follower_id" = ?[0m  [["follower_id", 1]]
  ↳ app/views/books/_info.html.erb:15
  [1m[35m (0.1ms)[0m  [1m[34mSELECT COUNT(*) FROM "relationships" WHERE "relationships"."followed_id" = ?[0m  [["followed_id", 1]]
  ↳ app/views/books/_info.html.erb:19
  Rendered books/_info.html.erb (10.4ms)
  Rendered books/_under.html.erb (1.0ms)
  [1m[36mCACHE User Load (0.0ms)[0m  [1m[34mSELECT  "users".* FROM "users" WHERE "users"."id" = ? LIMIT ?[0m  [["id", 1], ["LIMIT", 1]]
  ↳ app/views/books/show.html.erb:16
  [1m[36mFavorite Exists (0.1ms)[0m  [1m[34mSELECT  1 AS one FROM "favorites" WHERE "favorites"."book_id" = ? AND "favorites"."user_id" = ? LIMIT ?[0m  [["book_id", 1], ["user_id", 1], ["LIMIT", 1]]
  ↳ app/models/book.rb:7
  [1m[35m (0.1ms)[0m  [1m[34mSELECT COUNT(*) FROM "favorites" WHERE "favorites"."book_id" = ?[0m  [["book_id", 1]]
  ↳ app/views/favorites/_favorite-btn.html.erb:4
  Rendered favorites/_favorite-btn.html.erb (13.6ms)
  [1m[35m (0.1ms)[0m  [1m[34mSELECT COUNT(*) FROM "book_comments" WHERE "book_comments"."book_id" = ?[0m  [["book_id", 1]]
  ↳ app/views/books/show.html.erb:27
  [1m[36mBookComment Load (0.1ms)[0m  [1m[34mSELECT "book_comments".* FROM "book_comments" WHERE "book_comments"."book_id" = ?[0m  [["book_id", 1]]
  ↳ app/views/book_comments/_index.html.erb:1
  Rendered book_comments/_index.html.erb (4.1ms)
  Rendered books/show.html.erb within layouts/application (42.0ms)
Completed 200 OK in 164ms (Views: 131.9ms | ActiveRecord: 1.9ms)


Started POST "/books/1/favorites" for 106.72.203.2 at 2021-12-05 02:45:37 +0000
Cannot render console from 106.72.203.2! Allowed networks: 127.0.0.1, ::1, 127.0.0.0/127.255.255.255
Processing by FavoritesController#create as JS
  Parameters: {"book_id"=>"1"}
  [1m[36mUser Load (0.1ms)[0m  [1m[34mSELECT  "users".* FROM "users" WHERE "users"."id" = ? ORDER BY "users"."id" ASC LIMIT ?[0m  [["id", 1], ["LIMIT", 1]]
  ↳ /home/ec2-user/.rvm/gems/ruby-2.6.3/gems/activerecord-5.2.6/lib/active_record/log_subscriber.rb:98
  [1m[36mBook Load (0.1ms)[0m  [1m[34mSELECT  "books".* FROM "books" WHERE "books"."id" = ? LIMIT ?[0m  [["id", 1], ["LIMIT", 1]]
  ↳ app/controllers/favorites_controller.rb:3
  [1m[35m (0.0ms)[0m  [1m[36mbegin transaction[0m
  ↳ app/controllers/favorites_controller.rb:5
  [1m[36mBook Load (0.1ms)[0m  [1m[34mSELECT  "books".* FROM "books" WHERE "books"."id" = ? LIMIT ?[0m  [["id", 1], ["LIMIT", 1]]
  ↳ app/controllers/favorites_controller.rb:5
  [1m[36mFavorite Exists (0.1ms)[0m  [1m[34mSELECT  1 AS one FROM "favorites" WHERE "favorites"."book_id" = ? AND "favorites"."user_id" = ? LIMIT ?[0m  [["book_id", 1], ["user_id", 1], ["LIMIT", 1]]
  ↳ app/controllers/favorites_controller.rb:5
  [1m[36mFavorite Create (1.4ms)[0m  [1m[32mINSERT INTO "favorites" ("user_id", "book_id", "created_at", "updated_at") VALUES (?, ?, ?, ?)[0m  [["user_id", 1], ["book_id", 1], ["created_at", "2021-12-05 02:45:37.460487"], ["updated_at", "2021-12-05 02:45:37.460487"]]
  ↳ app/controllers/favorites_controller.rb:5
  [1m[35m (6.2ms)[0m  [1m[36mcommit transaction[0m
  ↳ app/controllers/favorites_controller.rb:5
  Rendering favorites/create.js.erb
  [1m[36mFavorite Exists (0.2ms)[0m  [1m[34mSELECT  1 AS one FROM "favorites" WHERE "favorites"."book_id" = ? AND "favorites"."user_id" = ? LIMIT ?[0m  [["book_id", 1], ["user_id", 1], ["LIMIT", 1]]
  ↳ app/models/book.rb:7
  [1m[35m (0.1ms)[0m  [1m[34mSELECT COUNT(*) FROM "favorites" WHERE "favorites"."book_id" = ?[0m  [["book_id", 1]]
  ↳ app/views/favorites/_favorite-btn.html.erb:2
  Rendered favorites/_favorite-btn.html.erb (7.3ms)
  Rendered favorites/create.js.erb (12.0ms)
Completed 200 OK in 58ms (Views: 18.6ms | ActiveRecord: 8.6ms)


Started DELETE "/books/1/favorites" for 106.72.203.2 at 2021-12-05 02:45:39 +0000
Cannot render console from 106.72.203.2! Allowed networks: 127.0.0.1, ::1, 127.0.0.0/127.255.255.255
Processing by FavoritesController#destroy as JS
  Parameters: {"book_id"=>"1"}
  [1m[36mUser Load (0.1ms)[0m  [1m[34mSELECT  "users".* FROM "users" WHERE "users"."id" = ? ORDER BY "users"."id" ASC LIMIT ?[0m  [["id", 1], ["LIMIT", 1]]
  ↳ /home/ec2-user/.rvm/gems/ruby-2.6.3/gems/activerecord-5.2.6/lib/active_record/log_subscriber.rb:98
  [1m[36mBook Load (0.1ms)[0m  [1m[34mSELECT  "books".* FROM "books" WHERE "books"."id" = ? LIMIT ?[0m  [["id", 1], ["LIMIT", 1]]
  ↳ app/controllers/favorites_controller.rb:10
  [1m[36mFavorite Load (0.1ms)[0m  [1m[34mSELECT  "favorites".* FROM "favorites" WHERE "favorites"."user_id" = ? AND "favorites"."book_id" = ? LIMIT ?[0m  [["user_id", 1], ["book_id", 1], ["LIMIT", 1]]
  ↳ app/controllers/favorites_controller.rb:11
  [1m[35m (0.0ms)[0m  [1m[36mbegin transaction[0m
  ↳ app/controllers/favorites_controller.rb:12
  [1m[36mFavorite Destroy (1.1ms)[0m  [1m[31mDELETE FROM "favorites" WHERE "favorites"."id" = ?[0m  [["id", 1]]
  ↳ app/controllers/favorites_controller.rb:12
  [1m[35m (4.7ms)[0m  [1m[36mcommit transaction[0m
  ↳ app/controllers/favorites_controller.rb:12
  Rendering favorites/destroy.js.erb
  [1m[36mFavorite Exists (0.2ms)[0m  [1m[34mSELECT  1 AS one FROM "favorites" WHERE "favorites"."book_id" = ? AND "favorites"."user_id" = ? LIMIT ?[0m  [["book_id", 1], ["user_id", 1], ["LIMIT", 1]]
  ↳ app/models/book.rb:7
  [1m[35m (0.1ms)[0m  [1m[34mSELECT COUNT(*) FROM "favorites" WHERE "favorites"."book_id" = ?[0m  [["book_id", 1]]
  ↳ app/views/favorites/_favorite-btn.html.erb:4
  Rendered favorites/_favorite-btn.html.erb (6.3ms)
  Rendered favorites/destroy.js.erb (11.5ms)
Completed 200 OK in 36ms (Views: 17.4ms | ActiveRecord: 6.5ms)


Started GET "/users" for 106.72.203.2 at 2021-12-05 02:45:45 +0000
Cannot render console from 106.72.203.2! Allowed networks: 127.0.0.1, ::1, 127.0.0.0/127.255.255.255
Processing by UsersController#index as HTML
  [1m[36mUser Load (0.1ms)[0m  [1m[34mSELECT  "users".* FROM "users" WHERE "users"."id" = ? ORDER BY "users"."id" ASC LIMIT ?[0m  [["id", 1], ["LIMIT", 1]]
  ↳ /home/ec2-user/.rvm/gems/ruby-2.6.3/gems/activerecord-5.2.6/lib/active_record/log_subscriber.rb:98
  Rendering users/index.html.erb within layouts/application
  [1m[35m (0.1ms)[0m  [1m[34mSELECT COUNT(*) FROM "relationships" WHERE "relationships"."follower_id" = ?[0m  [["follower_id", 1]]
  ↳ app/views/books/_info.html.erb:15
  [1m[35m (0.1ms)[0m  [1m[34mSELECT COUNT(*) FROM "relationships" WHERE "relationships"."followed_id" = ?[0m  [["followed_id", 1]]
  ↳ app/views/books/_info.html.erb:19
  Rendered books/_info.html.erb (9.3ms)
  Rendered books/_under.html.erb (0.9ms)
  [1m[36mUser Load (0.1ms)[0m  [1m[34mSELECT "users".* FROM "users"[0m
  ↳ app/views/users/index.html.erb:19
  [1m[35mCACHE  (0.0ms)[0m  [1m[34mSELECT COUNT(*) FROM "relationships" WHERE "relationships"."follower_id" = ?[0m  [["follower_id", 1]]
  ↳ app/views/users/index.html.erb:27
  [1m[35mCACHE  (0.0ms)[0m  [1m[34mSELECT COUNT(*) FROM "relationships" WHERE "relationships"."followed_id" = ?[0m  [["followed_id", 1]]
  ↳ app/views/users/index.html.erb:28
  Rendered users/index.html.erb within layouts/application (19.3ms)
Completed 200 OK in 134ms (Views: 129.9ms | ActiveRecord: 0.5ms)


Started GET "/books" for 106.72.203.2 at 2021-12-05 02:45:46 +0000
Cannot render console from 106.72.203.2! Allowed networks: 127.0.0.1, ::1, 127.0.0.0/127.255.255.255
Processing by BooksController#index as HTML
  [1m[36mUser Load (0.1ms)[0m  [1m[34mSELECT  "users".* FROM "users" WHERE "users"."id" = ? ORDER BY "users"."id" ASC LIMIT ?[0m  [["id", 1], ["LIMIT", 1]]
  ↳ /home/ec2-user/.rvm/gems/ruby-2.6.3/gems/activerecord-5.2.6/lib/active_record/log_subscriber.rb:98
  Rendering books/index.html.erb within layouts/application
  [1m[35m (0.2ms)[0m  [1m[34mSELECT COUNT(*) FROM "relationships" WHERE "relationships"."follower_id" = ?[0m  [["follower_id", 1]]
  ↳ app/views/books/_info.html.erb:15
  [1m[35m (0.2ms)[0m  [1m[34mSELECT COUNT(*) FROM "relationships" WHERE "relationships"."followed_id" = ?[0m  [["followed_id", 1]]
  ↳ app/views/books/_info.html.erb:19
  Rendered books/_info.html.erb (8.4ms)
  Rendered books/_under.html.erb (2.3ms)
  [1m[36mBook Load (0.1ms)[0m  [1m[34mSELECT "books".* FROM "books"[0m
  ↳ app/views/books/_index.html.erb:12
  [1m[36mUser Load (0.1ms)[0m  [1m[34mSELECT  "users".* FROM "users" WHERE "users"."id" = ? LIMIT ?[0m  [["id", 1], ["LIMIT", 1]]
  ↳ app/views/books/_index.html.erb:14
  [1m[36mFavorite Exists (0.1ms)[0m  [1m[34mSELECT  1 AS one FROM "favorites" WHERE "favorites"."book_id" = ? AND "favorites"."user_id" = ? LIMIT ?[0m  [["book_id", 1], ["user_id", 1], ["LIMIT", 1]]
  ↳ app/models/book.rb:7
  [1m[35m (0.1ms)[0m  [1m[34mSELECT COUNT(*) FROM "favorites" WHERE "favorites"."book_id" = ?[0m  [["book_id", 1]]
  ↳ app/views/favorites/_favorite-btn.html.erb:4
  Rendered favorites/_favorite-btn.html.erb (5.7ms)
  [1m[35m (0.1ms)[0m  [1m[34mSELECT COUNT(*) FROM "book_comments" WHERE "book_comments"."book_id" = ?[0m  [["book_id", 1]]
  ↳ app/views/books/_index.html.erb:31
  Rendered books/_index.html.erb (15.1ms)
  Rendered books/index.html.erb within layouts/application (30.8ms)
Completed 200 OK in 121ms (Views: 116.2ms | ActiveRecord: 1.0ms)


Started POST "/books" for 106.72.203.2 at 2021-12-05 02:45:56 +0000
Cannot render console from 106.72.203.2! Allowed networks: 127.0.0.1, ::1, 127.0.0.0/127.255.255.255
Processing by BooksController#create as HTML
  Parameters: {"utf8"=>"✓", "authenticity_token"=>"+rWoe+Sqnf0oPaMLHZ6NzVzZUkQ3fuKU9q//zONe3OXM5WUA18UiFyJXddmCh/Ps7CA9FKPH72XM4DRp1v+Tkg==", "book"=>{"title"=>"test2", "body"=>"test2"}, "commit"=>"Create Book"}
  [1m[36mUser Load (0.1ms)[0m  [1m[34mSELECT  "users".* FROM "users" WHERE "users"."id" = ? ORDER BY "users"."id" ASC LIMIT ?[0m  [["id", 1], ["LIMIT", 1]]
  ↳ /home/ec2-user/.rvm/gems/ruby-2.6.3/gems/activerecord-5.2.6/lib/active_record/log_subscriber.rb:98
  [1m[35m (0.0ms)[0m  [1m[36mbegin transaction[0m
  ↳ app/controllers/books_controller.rb:14
  [1m[36mUser Load (0.1ms)[0m  [1m[34mSELECT  "users".* FROM "users" WHERE "users"."id" = ? LIMIT ?[0m  [["id", 1], ["LIMIT", 1]]
  ↳ app/controllers/books_controller.rb:14
  [1m[36mBook Create (1.8ms)[0m  [1m[32mINSERT INTO "books" ("title", "body", "user_id", "created_at", "updated_at") VALUES (?, ?, ?, ?, ?)[0m  [["title", "test2"], ["body", "test2"], ["user_id", 1], ["created_at", "2021-12-05 02:45:56.752986"], ["updated_at", "2021-12-05 02:45:56.752986"]]
  ↳ app/controllers/books_controller.rb:14
  [1m[35m (4.9ms)[0m  [1m[36mcommit transaction[0m
  ↳ app/controllers/books_controller.rb:14
Redirected to https://5ae455f6b81a444e88ef8cad7878acf1.vfs.cloud9.us-east-1.amazonaws.com/books/2
Completed 302 Found in 16ms (ActiveRecord: 6.9ms)


Started GET "/books/2" for 106.72.203.2 at 2021-12-05 02:45:56 +0000
Cannot render console from 106.72.203.2! Allowed networks: 127.0.0.1, ::1, 127.0.0.0/127.255.255.255
Processing by BooksController#show as HTML
  Parameters: {"id"=>"2"}
  [1m[36mUser Load (0.1ms)[0m  [1m[34mSELECT  "users".* FROM "users" WHERE "users"."id" = ? ORDER BY "users"."id" ASC LIMIT ?[0m  [["id", 1], ["LIMIT", 1]]
  ↳ /home/ec2-user/.rvm/gems/ruby-2.6.3/gems/activerecord-5.2.6/lib/active_record/log_subscriber.rb:98
  [1m[36mBook Load (0.1ms)[0m  [1m[34mSELECT  "books".* FROM "books" WHERE "books"."id" = ? LIMIT ?[0m  [["id", 2], ["LIMIT", 1]]
  ↳ app/controllers/books_controller.rb:27
  [1m[36mUser Load (0.1ms)[0m  [1m[34mSELECT  "users".* FROM "users" WHERE "users"."id" = ? LIMIT ?[0m  [["id", 1], ["LIMIT", 1]]
  ↳ app/controllers/books_controller.rb:28
  Rendering books/show.html.erb within layouts/application
  [1m[35m (0.1ms)[0m  [1m[34mSELECT COUNT(*) FROM "relationships" WHERE "relationships"."follower_id" = ?[0m  [["follower_id", 1]]
  ↳ app/views/books/_info.html.erb:15
  [1m[35m (0.1ms)[0m  [1m[34mSELECT COUNT(*) FROM "relationships" WHERE "relationships"."followed_id" = ?[0m  [["followed_id", 1]]
  ↳ app/views/books/_info.html.erb:19
  Rendered books/_info.html.erb (8.0ms)
  Rendered books/_under.html.erb (0.9ms)
  [1m[36mCACHE User Load (0.0ms)[0m  [1m[34mSELECT  "users".* FROM "users" WHERE "users"."id" = ? LIMIT ?[0m  [["id", 1], ["LIMIT", 1]]
  ↳ app/views/books/show.html.erb:16
  [1m[36mFavorite Exists (1.8ms)[0m  [1m[34mSELECT  1 AS one FROM "favorites" WHERE "favorites"."book_id" = ? AND "favorites"."user_id" = ? LIMIT ?[0m  [["book_id", 2], ["user_id", 1], ["LIMIT", 1]]
  ↳ app/models/book.rb:7
  [1m[35m (0.1ms)[0m  [1m[34mSELECT COUNT(*) FROM "favorites" WHERE "favorites"."book_id" = ?[0m  [["book_id", 2]]
  ↳ app/views/favorites/_favorite-btn.html.erb:4
  Rendered favorites/_favorite-btn.html.erb (5.1ms)
  [1m[35m (0.1ms)[0m  [1m[34mSELECT COUNT(*) FROM "book_comments" WHERE "book_comments"."book_id" = ?[0m  [["book_id", 2]]
  ↳ app/views/books/show.html.erb:27
  [1m[36mBookComment Load (0.1ms)[0m  [1m[34mSELECT "book_comments".* FROM "book_comments" WHERE "book_comments"."book_id" = ?[0m  [["book_id", 2]]
  ↳ app/views/book_comments/_index.html.erb:1
  Rendered book_comments/_index.html.erb (14.7ms)
  Rendered books/show.html.erb within layouts/application (40.9ms)
Completed 200 OK in 136ms (Views: 128.0ms | ActiveRecord: 2.6ms)


Started GET "/books" for 106.72.203.2 at 2021-12-05 02:45:59 +0000
Cannot render console from 106.72.203.2! Allowed networks: 127.0.0.1, ::1, 127.0.0.0/127.255.255.255
Processing by BooksController#index as HTML
  [1m[36mUser Load (0.1ms)[0m  [1m[34mSELECT  "users".* FROM "users" WHERE "users"."id" = ? ORDER BY "users"."id" ASC LIMIT ?[0m  [["id", 1], ["LIMIT", 1]]
  ↳ /home/ec2-user/.rvm/gems/ruby-2.6.3/gems/activerecord-5.2.6/lib/active_record/log_subscriber.rb:98
  Rendering books/index.html.erb within layouts/application
  [1m[35m (0.2ms)[0m  [1m[34mSELECT COUNT(*) FROM "relationships" WHERE "relationships"."follower_id" = ?[0m  [["follower_id", 1]]
  ↳ app/views/books/_info.html.erb:15
  [1m[35m (0.1ms)[0m  [1m[34mSELECT COUNT(*) FROM "relationships" WHERE "relationships"."followed_id" = ?[0m  [["followed_id", 1]]
  ↳ app/views/books/_info.html.erb:19
  Rendered books/_info.html.erb (12.1ms)
  Rendered books/_under.html.erb (1.3ms)
  [1m[36mBook Load (0.1ms)[0m  [1m[34mSELECT "books".* FROM "books"[0m
  ↳ app/views/books/_index.html.erb:12
  [1m[36mUser Load (0.1ms)[0m  [1m[34mSELECT  "users".* FROM "users" WHERE "users"."id" = ? LIMIT ?[0m  [["id", 1], ["LIMIT", 1]]
  ↳ app/views/books/_index.html.erb:14
  [1m[36mFavorite Exists (0.1ms)[0m  [1m[34mSELECT  1 AS one FROM "favorites" WHERE "favorites"."book_id" = ? AND "favorites"."user_id" = ? LIMIT ?[0m  [["book_id", 1], ["user_id", 1], ["LIMIT", 1]]
  ↳ app/models/book.rb:7
  [1m[35m (0.1ms)[0m  [1m[34mSELECT COUNT(*) FROM "favorites" WHERE "favorites"."book_id" = ?[0m  [["book_id", 1]]
  ↳ app/views/favorites/_favorite-btn.html.erb:4
  Rendered favorites/_favorite-btn.html.erb (8.6ms)
  [1m[35m (0.1ms)[0m  [1m[34mSELECT COUNT(*) FROM "book_comments" WHERE "book_comments"."book_id" = ?[0m  [["book_id", 1]]
  ↳ app/views/books/_index.html.erb:31
  [1m[36mCACHE User Load (0.0ms)[0m  [1m[34mSELECT  "users".* FROM "users" WHERE "users"."id" = ? LIMIT ?[0m  [["id", 1], ["LIMIT", 1]]
  ↳ app/views/books/_index.html.erb:14
  [1m[36mFavorite Exists (0.1ms)[0m  [1m[34mSELECT  1 AS one FROM "favorites" WHERE "favorites"."book_id" = ? AND "favorites"."user_id" = ? LIMIT ?[0m  [["book_id", 2], ["user_id", 1], ["LIMIT", 1]]
  ↳ app/models/book.rb:7
  [1m[35m (0.1ms)[0m  [1m[34mSELECT COUNT(*) FROM "favorites" WHERE "favorites"."book_id" = ?[0m  [["book_id", 2]]
  ↳ app/views/favorites/_favorite-btn.html.erb:4
  Rendered favorites/_favorite-btn.html.erb (7.2ms)
  [1m[35m (0.1ms)[0m  [1m[34mSELECT COUNT(*) FROM "book_comments" WHERE "book_comments"."book_id" = ?[0m  [["book_id", 2]]
  ↳ app/views/books/_index.html.erb:31
  Rendered books/_index.html.erb (33.1ms)
  Rendered books/index.html.erb within layouts/application (50.9ms)
Completed 200 OK in 265ms (Views: 253.8ms | ActiveRecord: 1.2ms)


Started POST "/books/2/favorites" for 106.72.203.2 at 2021-12-05 02:46:06 +0000
Cannot render console from 106.72.203.2! Allowed networks: 127.0.0.1, ::1, 127.0.0.0/127.255.255.255
Processing by FavoritesController#create as JS
  Parameters: {"book_id"=>"2"}
  [1m[36mUser Load (0.1ms)[0m  [1m[34mSELECT  "users".* FROM "users" WHERE "users"."id" = ? ORDER BY "users"."id" ASC LIMIT ?[0m  [["id", 1], ["LIMIT", 1]]
  ↳ /home/ec2-user/.rvm/gems/ruby-2.6.3/gems/activerecord-5.2.6/lib/active_record/log_subscriber.rb:98
  [1m[36mBook Load (0.1ms)[0m  [1m[34mSELECT  "books".* FROM "books" WHERE "books"."id" = ? LIMIT ?[0m  [["id", 2], ["LIMIT", 1]]
  ↳ app/controllers/favorites_controller.rb:3
  [1m[35m (0.0ms)[0m  [1m[36mbegin transaction[0m
  ↳ app/controllers/favorites_controller.rb:5
  [1m[36mBook Load (0.1ms)[0m  [1m[34mSELECT  "books".* FROM "books" WHERE "books"."id" = ? LIMIT ?[0m  [["id", 2], ["LIMIT", 1]]
  ↳ app/controllers/favorites_controller.rb:5
  [1m[36mFavorite Exists (0.1ms)[0m  [1m[34mSELECT  1 AS one FROM "favorites" WHERE "favorites"."book_id" = ? AND "favorites"."user_id" = ? LIMIT ?[0m  [["book_id", 2], ["user_id", 1], ["LIMIT", 1]]
  ↳ app/controllers/favorites_controller.rb:5
  [1m[36mFavorite Create (1.4ms)[0m  [1m[32mINSERT INTO "favorites" ("user_id", "book_id", "created_at", "updated_at") VALUES (?, ?, ?, ?)[0m  [["user_id", 1], ["book_id", 2], ["created_at", "2021-12-05 02:46:06.800651"], ["updated_at", "2021-12-05 02:46:06.800651"]]
  ↳ app/controllers/favorites_controller.rb:5
  [1m[35m (4.1ms)[0m  [1m[36mcommit transaction[0m
  ↳ app/controllers/favorites_controller.rb:5
  Rendering favorites/create.js.erb
  [1m[36mFavorite Exists (0.1ms)[0m  [1m[34mSELECT  1 AS one FROM "favorites" WHERE "favorites"."book_id" = ? AND "favorites"."user_id" = ? LIMIT ?[0m  [["book_id", 2], ["user_id", 1], ["LIMIT", 1]]
  ↳ app/models/book.rb:7
  [1m[35m (0.1ms)[0m  [1m[34mSELECT COUNT(*) FROM "favorites" WHERE "favorites"."book_id" = ?[0m  [["book_id", 2]]
  ↳ app/views/favorites/_favorite-btn.html.erb:2
  Rendered favorites/_favorite-btn.html.erb (8.3ms)
  Rendered favorites/create.js.erb (11.0ms)
Completed 200 OK in 38ms (Views: 16.9ms | ActiveRecord: 6.2ms)


Started DELETE "/books/2/favorites" for 106.72.203.2 at 2021-12-05 02:46:07 +0000
Cannot render console from 106.72.203.2! Allowed networks: 127.0.0.1, ::1, 127.0.0.0/127.255.255.255
Processing by FavoritesController#destroy as JS
  Parameters: {"book_id"=>"2"}
  [1m[36mUser Load (0.1ms)[0m  [1m[34mSELECT  "users".* FROM "users" WHERE "users"."id" = ? ORDER BY "users"."id" ASC LIMIT ?[0m  [["id", 1], ["LIMIT", 1]]
  ↳ /home/ec2-user/.rvm/gems/ruby-2.6.3/gems/activerecord-5.2.6/lib/active_record/log_subscriber.rb:98
  [1m[36mBook Load (0.1ms)[0m  [1m[34mSELECT  "books".* FROM "books" WHERE "books"."id" = ? LIMIT ?[0m  [["id", 2], ["LIMIT", 1]]
  ↳ app/controllers/favorites_controller.rb:10
  [1m[36mFavorite Load (0.1ms)[0m  [1m[34mSELECT  "favorites".* FROM "favorites" WHERE "favorites"."user_id" = ? AND "favorites"."book_id" = ? LIMIT ?[0m  [["user_id", 1], ["book_id", 2], ["LIMIT", 1]]
  ↳ app/controllers/favorites_controller.rb:11
  [1m[35m (0.1ms)[0m  [1m[36mbegin transaction[0m
  ↳ app/controllers/favorites_controller.rb:12
  [1m[36mFavorite Destroy (1.0ms)[0m  [1m[31mDELETE FROM "favorites" WHERE "favorites"."id" = ?[0m  [["id", 2]]
  ↳ app/controllers/favorites_controller.rb:12
  [1m[35m (5.8ms)[0m  [1m[36mcommit transaction[0m
  ↳ app/controllers/favorites_controller.rb:12
  Rendering favorites/destroy.js.erb
  [1m[36mFavorite Exists (0.1ms)[0m  [1m[34mSELECT  1 AS one FROM "favorites" WHERE "favorites"."book_id" = ? AND "favorites"."user_id" = ? LIMIT ?[0m  [["book_id", 2], ["user_id", 1], ["LIMIT", 1]]
  ↳ app/models/book.rb:7
  [1m[35m (0.1ms)[0m  [1m[34mSELECT COUNT(*) FROM "favorites" WHERE "favorites"."book_id" = ?[0m  [["book_id", 2]]
  ↳ app/views/favorites/_favorite-btn.html.erb:4
  Rendered favorites/_favorite-btn.html.erb (7.3ms)
  Rendered favorites/destroy.js.erb (10.9ms)
Completed 200 OK in 35ms (Views: 16.2ms | ActiveRecord: 7.4ms)


Started POST "/books" for 106.72.203.2 at 2021-12-05 02:46:13 +0000
Cannot render console from 106.72.203.2! Allowed networks: 127.0.0.1, ::1, 127.0.0.0/127.255.255.255
Processing by BooksController#create as HTML
  Parameters: {"utf8"=>"✓", "authenticity_token"=>"qJQQwDm3vZQ0vkhpFMlMc1FFXdvJ+NNgl+ORbGVSIQKexN27CtgCfj7UnruL0DJS4bwyi11B3pGtrFrJUPNudQ==", "book"=>{"title"=>"test3", "body"=>"test3"}, "commit"=>"Create Book"}
  [1m[36mUser Load (0.1ms)[0m  [1m[34mSELECT  "users".* FROM "users" WHERE "users"."id" = ? ORDER BY "users"."id" ASC LIMIT ?[0m  [["id", 1], ["LIMIT", 1]]
  ↳ /home/ec2-user/.rvm/gems/ruby-2.6.3/gems/activerecord-5.2.6/lib/active_record/log_subscriber.rb:98
  [1m[35m (0.1ms)[0m  [1m[36mbegin transaction[0m
  ↳ app/controllers/books_controller.rb:14
  [1m[36mUser Load (0.1ms)[0m  [1m[34mSELECT  "users".* FROM "users" WHERE "users"."id" = ? LIMIT ?[0m  [["id", 1], ["LIMIT", 1]]
  ↳ app/controllers/books_controller.rb:14
  [1m[36mBook Create (1.6ms)[0m  [1m[32mINSERT INTO "books" ("title", "body", "user_id", "created_at", "updated_at") VALUES (?, ?, ?, ?, ?)[0m  [["title", "test3"], ["body", "test3"], ["user_id", 1], ["created_at", "2021-12-05 02:46:13.245685"], ["updated_at", "2021-12-05 02:46:13.245685"]]
  ↳ app/controllers/books_controller.rb:14
  [1m[35m (4.3ms)[0m  [1m[36mcommit transaction[0m
  ↳ app/controllers/books_controller.rb:14
Redirected to https://5ae455f6b81a444e88ef8cad7878acf1.vfs.cloud9.us-east-1.amazonaws.com/books/3
Completed 302 Found in 15ms (ActiveRecord: 6.2ms)


Started GET "/books/3" for 106.72.203.2 at 2021-12-05 02:46:13 +0000
Cannot render console from 106.72.203.2! Allowed networks: 127.0.0.1, ::1, 127.0.0.0/127.255.255.255
Processing by BooksController#show as HTML
  Parameters: {"id"=>"3"}
  [1m[36mUser Load (0.1ms)[0m  [1m[34mSELECT  "users".* FROM "users" WHERE "users"."id" = ? ORDER BY "users"."id" ASC LIMIT ?[0m  [["id", 1], ["LIMIT", 1]]
  ↳ /home/ec2-user/.rvm/gems/ruby-2.6.3/gems/activerecord-5.2.6/lib/active_record/log_subscriber.rb:98
  [1m[36mBook Load (0.1ms)[0m  [1m[34mSELECT  "books".* FROM "books" WHERE "books"."id" = ? LIMIT ?[0m  [["id", 3], ["LIMIT", 1]]
  ↳ app/controllers/books_controller.rb:27
  [1m[36mUser Load (0.1ms)[0m  [1m[34mSELECT  "users".* FROM "users" WHERE "users"."id" = ? LIMIT ?[0m  [["id", 1], ["LIMIT", 1]]
  ↳ app/controllers/books_controller.rb:28
  Rendering books/show.html.erb within layouts/application
  [1m[35m (0.1ms)[0m  [1m[34mSELECT COUNT(*) FROM "relationships" WHERE "relationships"."follower_id" = ?[0m  [["follower_id", 1]]
  ↳ app/views/books/_info.html.erb:15
  [1m[35m (0.1ms)[0m  [1m[34mSELECT COUNT(*) FROM "relationships" WHERE "relationships"."followed_id" = ?[0m  [["followed_id", 1]]
  ↳ app/views/books/_info.html.erb:19
  Rendered books/_info.html.erb (8.7ms)
  Rendered books/_under.html.erb (0.9ms)
  [1m[36mCACHE User Load (0.0ms)[0m  [1m[34mSELECT  "users".* FROM "users" WHERE "users"."id" = ? LIMIT ?[0m  [["id", 1], ["LIMIT", 1]]
  ↳ app/views/books/show.html.erb:16
  [1m[36mFavorite Exists (0.1ms)[0m  [1m[34mSELECT  1 AS one FROM "favorites" WHERE "favorites"."book_id" = ? AND "favorites"."user_id" = ? LIMIT ?[0m  [["book_id", 3], ["user_id", 1], ["LIMIT", 1]]
  ↳ app/models/book.rb:7
  [1m[35m (0.1ms)[0m  [1m[34mSELECT COUNT(*) FROM "favorites" WHERE "favorites"."book_id" = ?[0m  [["book_id", 3]]
  ↳ app/views/favorites/_favorite-btn.html.erb:4
  Rendered favorites/_favorite-btn.html.erb (4.7ms)
  [1m[35m (0.1ms)[0m  [1m[34mSELECT COUNT(*) FROM "book_comments" WHERE "book_comments"."book_id" = ?[0m  [["book_id", 3]]
  ↳ app/views/books/show.html.erb:27
  [1m[36mBookComment Load (0.1ms)[0m  [1m[34mSELECT "book_comments".* FROM "book_comments" WHERE "book_comments"."book_id" = ?[0m  [["book_id", 3]]
  ↳ app/views/book_comments/_index.html.erb:1
  Rendered book_comments/_index.html.erb (2.8ms)
  Rendered books/show.html.erb within layouts/application (30.9ms)
Completed 200 OK in 148ms (Views: 142.3ms | ActiveRecord: 0.9ms)


Started GET "/books" for 106.72.203.2 at 2021-12-05 02:46:18 +0000
Cannot render console from 106.72.203.2! Allowed networks: 127.0.0.1, ::1, 127.0.0.0/127.255.255.255
Processing by BooksController#index as HTML
  [1m[36mUser Load (0.1ms)[0m  [1m[34mSELECT  "users".* FROM "users" WHERE "users"."id" = ? ORDER BY "users"."id" ASC LIMIT ?[0m  [["id", 1], ["LIMIT", 1]]
  ↳ /home/ec2-user/.rvm/gems/ruby-2.6.3/gems/activerecord-5.2.6/lib/active_record/log_subscriber.rb:98
  Rendering books/index.html.erb within layouts/application
  [1m[35m (0.1ms)[0m  [1m[34mSELECT COUNT(*) FROM "relationships" WHERE "relationships"."follower_id" = ?[0m  [["follower_id", 1]]
  ↳ app/views/books/_info.html.erb:15
  [1m[35m (0.1ms)[0m  [1m[34mSELECT COUNT(*) FROM "relationships" WHERE "relationships"."followed_id" = ?[0m  [["followed_id", 1]]
  ↳ app/views/books/_info.html.erb:19
  Rendered books/_info.html.erb (7.3ms)
  Rendered books/_under.html.erb (0.9ms)
  [1m[36mBook Load (0.1ms)[0m  [1m[34mSELECT "books".* FROM "books"[0m
  ↳ app/views/books/_index.html.erb:12
  [1m[36mUser Load (0.1ms)[0m  [1m[34mSELECT  "users".* FROM "users" WHERE "users"."id" = ? LIMIT ?[0m  [["id", 1], ["LIMIT", 1]]
  ↳ app/views/books/_index.html.erb:14
  [1m[36mFavorite Exists (0.1ms)[0m  [1m[34mSELECT  1 AS one FROM "favorites" WHERE "favorites"."book_id" = ? AND "favorites"."user_id" = ? LIMIT ?[0m  [["book_id", 1], ["user_id", 1], ["LIMIT", 1]]
  ↳ app/models/book.rb:7
  [1m[35m (0.1ms)[0m  [1m[34mSELECT COUNT(*) FROM "favorites" WHERE "favorites"."book_id" = ?[0m  [["book_id", 1]]
  ↳ app/views/favorites/_favorite-btn.html.erb:4
  Rendered favorites/_favorite-btn.html.erb (4.5ms)
  [1m[35m (0.1ms)[0m  [1m[34mSELECT COUNT(*) FROM "book_comments" WHERE "book_comments"."book_id" = ?[0m  [["book_id", 1]]
  ↳ app/views/books/_index.html.erb:31
  [1m[36mCACHE User Load (0.0ms)[0m  [1m[34mSELECT  "users".* FROM "users" WHERE "users"."id" = ? LIMIT ?[0m  [["id", 1], ["LIMIT", 1]]
  ↳ app/views/books/_index.html.erb:14
  [1m[36mFavorite Exists (0.1ms)[0m  [1m[34mSELECT  1 AS one FROM "favorites" WHERE "favorites"."book_id" = ? AND "favorites"."user_id" = ? LIMIT ?[0m  [["book_id", 2], ["user_id", 1], ["LIMIT", 1]]
  ↳ app/models/book.rb:7
  [1m[35m (1.3ms)[0m  [1m[34mSELECT COUNT(*) FROM "favorites" WHERE "favorites"."book_id" = ?[0m  [["book_id", 2]]
  ↳ app/views/favorites/_favorite-btn.html.erb:4
  Rendered favorites/_favorite-btn.html.erb (5.4ms)
  [1m[35m (0.1ms)[0m  [1m[34mSELECT COUNT(*) FROM "book_comments" WHERE "book_comments"."book_id" = ?[0m  [["book_id", 2]]
  ↳ app/views/books/_index.html.erb:31
  [1m[36mCACHE User Load (0.0ms)[0m  [1m[34mSELECT  "users".* FROM "users" WHERE "users"."id" = ? LIMIT ?[0m  [["id", 1], ["LIMIT", 1]]
  ↳ app/views/books/_index.html.erb:14
  [1m[36mFavorite Exists (0.1ms)[0m  [1m[34mSELECT  1 AS one FROM "favorites" WHERE "favorites"."book_id" = ? AND "favorites"."user_id" = ? LIMIT ?[0m  [["book_id", 3], ["user_id", 1], ["LIMIT", 1]]
  ↳ app/models/book.rb:7
  [1m[35m (0.1ms)[0m  [1m[34mSELECT COUNT(*) FROM "favorites" WHERE "favorites"."book_id" = ?[0m  [["book_id", 3]]
  ↳ app/views/favorites/_favorite-btn.html.erb:4
  Rendered favorites/_favorite-btn.html.erb (4.4ms)
  [1m[35m (0.1ms)[0m  [1m[34mSELECT COUNT(*) FROM "book_comments" WHERE "book_comments"."book_id" = ?[0m  [["book_id", 3]]
  ↳ app/views/books/_index.html.erb:31
  Rendered books/_index.html.erb (29.1ms)
  Rendered books/index.html.erb within layouts/application (42.1ms)
Completed 200 OK in 146ms (Views: 141.1ms | ActiveRecord: 2.7ms)


Started GET "/books" for 106.72.203.2 at 2021-12-05 02:51:03 +0000
Cannot render console from 106.72.203.2! Allowed networks: 127.0.0.1, ::1, 127.0.0.0/127.255.255.255
  [1m[35m (0.1ms)[0m  [1m[34mSELECT "schema_migrations"."version" FROM "schema_migrations" ORDER BY "schema_migrations"."version" ASC[0m
  ↳ /home/ec2-user/.rvm/gems/ruby-2.6.3/gems/activerecord-5.2.6/lib/active_record/log_subscriber.rb:98
Processing by BooksController#index as HTML
  [1m[36mUser Load (0.2ms)[0m  [1m[34mSELECT  "users".* FROM "users" WHERE "users"."id" = ? ORDER BY "users"."id" ASC LIMIT ?[0m  [["id", 1], ["LIMIT", 1]]
  ↳ /home/ec2-user/.rvm/gems/ruby-2.6.3/gems/activerecord-5.2.6/lib/active_record/log_subscriber.rb:98
  Rendering books/index.html.erb within layouts/application
  [1m[35m (0.1ms)[0m  [1m[34mSELECT COUNT(*) FROM "relationships" WHERE "relationships"."follower_id" = ?[0m  [["follower_id", 1]]
  ↳ app/views/books/_info.html.erb:15
  [1m[35m (0.1ms)[0m  [1m[34mSELECT COUNT(*) FROM "relationships" WHERE "relationships"."followed_id" = ?[0m  [["followed_id", 1]]
  ↳ app/views/books/_info.html.erb:19
  Rendered books/_info.html.erb (285.3ms)
  Rendered books/_under.html.erb (2.8ms)
  Rendered books/_index.html.erb (13.4ms)
  Rendered books/index.html.erb within layouts/application (311.0ms)
Completed 500 Internal Server Error in 344ms (ActiveRecord: 1.7ms)


  
ActionView::Template::Error (Can't join 'Book' to association named 'week_favorites'; perhaps you misspelled it?):
     9:       </thead>
    10: 
    11:       <tbody>
    12:         <% books.each do |book| %>
    13:         <tr id="book_<%= book.id %>">
    14:           <% user = User.find(book.user_id) %>
    15:           <td>
  
app/views/books/_index.html.erb:12:in `_app_views_books__index_html_erb___3004208900396350679_70185685548300'
app/views/books/index.html.erb:21:in `_app_views_books_index_html_erb___1222733574841330422_70185674213280'
Started GET "/books" for 106.72.203.2 at 2021-12-05 02:54:26 +0000
Cannot render console from 106.72.203.2! Allowed networks: 127.0.0.1, ::1, 127.0.0.0/127.255.255.255
Processing by BooksController#index as HTML
  [1m[36mUser Load (0.2ms)[0m  [1m[34mSELECT  "users".* FROM "users" WHERE "users"."id" = ? ORDER BY "users"."id" ASC LIMIT ?[0m  [["id", 1], ["LIMIT", 1]]
  ↳ /home/ec2-user/.rvm/gems/ruby-2.6.3/gems/activerecord-5.2.6/lib/active_record/log_subscriber.rb:98
  Rendering books/index.html.erb within layouts/application
  [1m[35m (0.1ms)[0m  [1m[34mSELECT COUNT(*) FROM "relationships" WHERE "relationships"."follower_id" = ?[0m  [["follower_id", 1]]
  ↳ app/views/books/_info.html.erb:15
  [1m[35m (0.1ms)[0m  [1m[34mSELECT COUNT(*) FROM "relationships" WHERE "relationships"."followed_id" = ?[0m  [["followed_id", 1]]
  ↳ app/views/books/_info.html.erb:19
  Rendered books/_info.html.erb (13.1ms)
  Rendered books/_under.html.erb (1.1ms)
  [1m[36mBook Load (0.2ms)[0m  [1m[34mSELECT "books".* FROM "books" LEFT OUTER JOIN "favorites" ON "favorites"."book_id" = "books"."id" AND "favorites"."created_at" BETWEEN ? AND ? GROUP BY "books"."id" ORDER BY count(book_id) desc[0m  [["created_at", "2021-11-29 00:00:00"], ["created_at", "2021-12-05 23:59:59.999999"]]
  ↳ app/views/books/_index.html.erb:12
  [1m[36mUser Load (0.1ms)[0m  [1m[34mSELECT  "users".* FROM "users" WHERE "users"."id" = ? LIMIT ?[0m  [["id", 1], ["LIMIT", 1]]
  ↳ app/views/books/_index.html.erb:14
  [1m[36mFavorite Exists (0.1ms)[0m  [1m[34mSELECT  1 AS one FROM "favorites" WHERE "favorites"."book_id" = ? AND "favorites"."user_id" = ? LIMIT ?[0m  [["book_id", 1], ["user_id", 1], ["LIMIT", 1]]
  ↳ app/models/book.rb:8
  [1m[35m (0.1ms)[0m  [1m[34mSELECT COUNT(*) FROM "favorites" WHERE "favorites"."book_id" = ?[0m  [["book_id", 1]]
  ↳ app/views/favorites/_favorite-btn.html.erb:4
  Rendered favorites/_favorite-btn.html.erb (7.0ms)
  [1m[35m (0.1ms)[0m  [1m[34mSELECT COUNT(*) FROM "book_comments" WHERE "book_comments"."book_id" = ?[0m  [["book_id", 1]]
  ↳ app/views/books/_index.html.erb:31
  [1m[36mCACHE User Load (0.0ms)[0m  [1m[34mSELECT  "users".* FROM "users" WHERE "users"."id" = ? LIMIT ?[0m  [["id", 1], ["LIMIT", 1]]
  ↳ app/views/books/_index.html.erb:14
  [1m[36mFavorite Exists (0.1ms)[0m  [1m[34mSELECT  1 AS one FROM "favorites" WHERE "favorites"."book_id" = ? AND "favorites"."user_id" = ? LIMIT ?[0m  [["book_id", 2], ["user_id", 1], ["LIMIT", 1]]
  ↳ app/models/book.rb:8
  [1m[35m (0.1ms)[0m  [1m[34mSELECT COUNT(*) FROM "favorites" WHERE "favorites"."book_id" = ?[0m  [["book_id", 2]]
  ↳ app/views/favorites/_favorite-btn.html.erb:4
  Rendered favorites/_favorite-btn.html.erb (8.6ms)
  [1m[35m (0.1ms)[0m  [1m[34mSELECT COUNT(*) FROM "book_comments" WHERE "book_comments"."book_id" = ?[0m  [["book_id", 2]]
  ↳ app/views/books/_index.html.erb:31
  [1m[36mCACHE User Load (0.0ms)[0m  [1m[34mSELECT  "users".* FROM "users" WHERE "users"."id" = ? LIMIT ?[0m  [["id", 1], ["LIMIT", 1]]
  ↳ app/views/books/_index.html.erb:14
  [1m[36mFavorite Exists (0.1ms)[0m  [1m[34mSELECT  1 AS one FROM "favorites" WHERE "favorites"."book_id" = ? AND "favorites"."user_id" = ? LIMIT ?[0m  [["book_id", 3], ["user_id", 1], ["LIMIT", 1]]
  ↳ app/models/book.rb:8
  [1m[35m (0.1ms)[0m  [1m[34mSELECT COUNT(*) FROM "favorites" WHERE "favorites"."book_id" = ?[0m  [["book_id", 3]]
  ↳ app/views/favorites/_favorite-btn.html.erb:4
  Rendered favorites/_favorite-btn.html.erb (4.7ms)
  [1m[35m (0.1ms)[0m  [1m[34mSELECT COUNT(*) FROM "book_comments" WHERE "book_comments"."book_id" = ?[0m  [["book_id", 3]]
  ↳ app/views/books/_index.html.erb:31
  Rendered books/_index.html.erb (68.1ms)
  Rendered books/index.html.erb within layouts/application (87.9ms)
Completed 200 OK in 287ms (Views: 244.9ms | ActiveRecord: 9.0ms)


Started POST "/books/3/favorites" for 106.72.203.2 at 2021-12-05 02:54:29 +0000
Cannot render console from 106.72.203.2! Allowed networks: 127.0.0.1, ::1, 127.0.0.0/127.255.255.255
Processing by FavoritesController#create as JS
  Parameters: {"book_id"=>"3"}
  [1m[36mUser Load (0.1ms)[0m  [1m[34mSELECT  "users".* FROM "users" WHERE "users"."id" = ? ORDER BY "users"."id" ASC LIMIT ?[0m  [["id", 1], ["LIMIT", 1]]
  ↳ /home/ec2-user/.rvm/gems/ruby-2.6.3/gems/activerecord-5.2.6/lib/active_record/log_subscriber.rb:98
  [1m[36mBook Load (0.2ms)[0m  [1m[34mSELECT  "books".* FROM "books" WHERE "books"."id" = ? LIMIT ?[0m  [["id", 3], ["LIMIT", 1]]
  ↳ app/controllers/favorites_controller.rb:3
  [1m[35m (0.1ms)[0m  [1m[36mbegin transaction[0m
  ↳ app/controllers/favorites_controller.rb:5
  [1m[36mBook Load (0.1ms)[0m  [1m[34mSELECT  "books".* FROM "books" WHERE "books"."id" = ? LIMIT ?[0m  [["id", 3], ["LIMIT", 1]]
  ↳ app/controllers/favorites_controller.rb:5
  [1m[36mFavorite Exists (0.1ms)[0m  [1m[34mSELECT  1 AS one FROM "favorites" WHERE "favorites"."book_id" = ? AND "favorites"."user_id" = ? LIMIT ?[0m  [["book_id", 3], ["user_id", 1], ["LIMIT", 1]]
  ↳ app/controllers/favorites_controller.rb:5
  [1m[36mFavorite Create (1.2ms)[0m  [1m[32mINSERT INTO "favorites" ("user_id", "book_id", "created_at", "updated_at") VALUES (?, ?, ?, ?)[0m  [["user_id", 1], ["book_id", 3], ["created_at", "2021-12-05 02:54:29.235738"], ["updated_at", "2021-12-05 02:54:29.235738"]]
  ↳ app/controllers/favorites_controller.rb:5
  [1m[35m (6.1ms)[0m  [1m[36mcommit transaction[0m
  ↳ app/controllers/favorites_controller.rb:5
  Rendering favorites/create.js.erb
  [1m[36mFavorite Exists (0.1ms)[0m  [1m[34mSELECT  1 AS one FROM "favorites" WHERE "favorites"."book_id" = ? AND "favorites"."user_id" = ? LIMIT ?[0m  [["book_id", 3], ["user_id", 1], ["LIMIT", 1]]
  ↳ app/models/book.rb:8
  [1m[35m (0.1ms)[0m  [1m[34mSELECT COUNT(*) FROM "favorites" WHERE "favorites"."book_id" = ?[0m  [["book_id", 3]]
  ↳ app/views/favorites/_favorite-btn.html.erb:2
  Rendered favorites/_favorite-btn.html.erb (6.9ms)
  Rendered favorites/create.js.erb (11.3ms)
Completed 200 OK in 70ms (Views: 17.5ms | ActiveRecord: 8.8ms)


Started GET "/books" for 106.72.203.2 at 2021-12-05 02:54:30 +0000
Cannot render console from 106.72.203.2! Allowed networks: 127.0.0.1, ::1, 127.0.0.0/127.255.255.255
Processing by BooksController#index as HTML
  [1m[36mUser Load (0.1ms)[0m  [1m[34mSELECT  "users".* FROM "users" WHERE "users"."id" = ? ORDER BY "users"."id" ASC LIMIT ?[0m  [["id", 1], ["LIMIT", 1]]
  ↳ /home/ec2-user/.rvm/gems/ruby-2.6.3/gems/activerecord-5.2.6/lib/active_record/log_subscriber.rb:98
  Rendering books/index.html.erb within layouts/application
  [1m[35m (0.1ms)[0m  [1m[34mSELECT COUNT(*) FROM "relationships" WHERE "relationships"."follower_id" = ?[0m  [["follower_id", 1]]
  ↳ app/views/books/_info.html.erb:15
  [1m[35m (0.1ms)[0m  [1m[34mSELECT COUNT(*) FROM "relationships" WHERE "relationships"."followed_id" = ?[0m  [["followed_id", 1]]
  ↳ app/views/books/_info.html.erb:19
  Rendered books/_info.html.erb (7.9ms)
  Rendered books/_under.html.erb (0.9ms)
  [1m[36mBook Load (0.2ms)[0m  [1m[34mSELECT "books".* FROM "books" LEFT OUTER JOIN "favorites" ON "favorites"."book_id" = "books"."id" AND "favorites"."created_at" BETWEEN ? AND ? GROUP BY "books"."id" ORDER BY count(book_id) desc[0m  [["created_at", "2021-11-29 00:00:00"], ["created_at", "2021-12-05 23:59:59.999999"]]
  ↳ app/views/books/_index.html.erb:12
  [1m[36mUser Load (0.1ms)[0m  [1m[34mSELECT  "users".* FROM "users" WHERE "users"."id" = ? LIMIT ?[0m  [["id", 1], ["LIMIT", 1]]
  ↳ app/views/books/_index.html.erb:14
  [1m[36mFavorite Exists (0.1ms)[0m  [1m[34mSELECT  1 AS one FROM "favorites" WHERE "favorites"."book_id" = ? AND "favorites"."user_id" = ? LIMIT ?[0m  [["book_id", 3], ["user_id", 1], ["LIMIT", 1]]
  ↳ app/models/book.rb:8
  [1m[35m (0.1ms)[0m  [1m[34mSELECT COUNT(*) FROM "favorites" WHERE "favorites"."book_id" = ?[0m  [["book_id", 3]]
  ↳ app/views/favorites/_favorite-btn.html.erb:2
  Rendered favorites/_favorite-btn.html.erb (5.9ms)
  [1m[35m (0.1ms)[0m  [1m[34mSELECT COUNT(*) FROM "book_comments" WHERE "book_comments"."book_id" = ?[0m  [["book_id", 3]]
  ↳ app/views/books/_index.html.erb:31
  [1m[36mCACHE User Load (0.0ms)[0m  [1m[34mSELECT  "users".* FROM "users" WHERE "users"."id" = ? LIMIT ?[0m  [["id", 1], ["LIMIT", 1]]
  ↳ app/views/books/_index.html.erb:14
  [1m[36mFavorite Exists (0.1ms)[0m  [1m[34mSELECT  1 AS one FROM "favorites" WHERE "favorites"."book_id" = ? AND "favorites"."user_id" = ? LIMIT ?[0m  [["book_id", 1], ["user_id", 1], ["LIMIT", 1]]
  ↳ app/models/book.rb:8
  [1m[35m (0.1ms)[0m  [1m[34mSELECT COUNT(*) FROM "favorites" WHERE "favorites"."book_id" = ?[0m  [["book_id", 1]]
  ↳ app/views/favorites/_favorite-btn.html.erb:4
  Rendered favorites/_favorite-btn.html.erb (4.7ms)
  [1m[35m (0.1ms)[0m  [1m[34mSELECT COUNT(*) FROM "book_comments" WHERE "book_comments"."book_id" = ?[0m  [["book_id", 1]]
  ↳ app/views/books/_index.html.erb:31
  [1m[36mCACHE User Load (0.0ms)[0m  [1m[34mSELECT  "users".* FROM "users" WHERE "users"."id" = ? LIMIT ?[0m  [["id", 1], ["LIMIT", 1]]
  ↳ app/views/books/_index.html.erb:14
  [1m[36mFavorite Exists (0.1ms)[0m  [1m[34mSELECT  1 AS one FROM "favorites" WHERE "favorites"."book_id" = ? AND "favorites"."user_id" = ? LIMIT ?[0m  [["book_id", 2], ["user_id", 1], ["LIMIT", 1]]
  ↳ app/models/book.rb:8
  [1m[35m (0.1ms)[0m  [1m[34mSELECT COUNT(*) FROM "favorites" WHERE "favorites"."book_id" = ?[0m  [["book_id", 2]]
  ↳ app/views/favorites/_favorite-btn.html.erb:4
  Rendered favorites/_favorite-btn.html.erb (4.8ms)
  [1m[35m (0.1ms)[0m  [1m[34mSELECT COUNT(*) FROM "book_comments" WHERE "book_comments"."book_id" = ?[0m  [["book_id", 2]]
  ↳ app/views/books/_index.html.erb:31
  Rendered books/_index.html.erb (34.8ms)
  Rendered books/index.html.erb within layouts/application (48.1ms)
Completed 200 OK in 138ms (Views: 133.1ms | ActiveRecord: 1.6ms)


Started POST "/books/2/favorites" for 106.72.203.2 at 2021-12-05 02:54:40 +0000
Cannot render console from 106.72.203.2! Allowed networks: 127.0.0.1, ::1, 127.0.0.0/127.255.255.255
Processing by FavoritesController#create as JS
  Parameters: {"book_id"=>"2"}
  [1m[36mUser Load (0.1ms)[0m  [1m[34mSELECT  "users".* FROM "users" WHERE "users"."id" = ? ORDER BY "users"."id" ASC LIMIT ?[0m  [["id", 1], ["LIMIT", 1]]
  ↳ /home/ec2-user/.rvm/gems/ruby-2.6.3/gems/activerecord-5.2.6/lib/active_record/log_subscriber.rb:98
  [1m[36mBook Load (0.1ms)[0m  [1m[34mSELECT  "books".* FROM "books" WHERE "books"."id" = ? LIMIT ?[0m  [["id", 2], ["LIMIT", 1]]
  ↳ app/controllers/favorites_controller.rb:3
  [1m[35m (0.0ms)[0m  [1m[36mbegin transaction[0m
  ↳ app/controllers/favorites_controller.rb:5
  [1m[36mBook Load (0.1ms)[0m  [1m[34mSELECT  "books".* FROM "books" WHERE "books"."id" = ? LIMIT ?[0m  [["id", 2], ["LIMIT", 1]]
  ↳ app/controllers/favorites_controller.rb:5
  [1m[36mFavorite Exists (0.1ms)[0m  [1m[34mSELECT  1 AS one FROM "favorites" WHERE "favorites"."book_id" = ? AND "favorites"."user_id" = ? LIMIT ?[0m  [["book_id", 2], ["user_id", 1], ["LIMIT", 1]]
  ↳ app/controllers/favorites_controller.rb:5
  [1m[36mFavorite Create (1.5ms)[0m  [1m[32mINSERT INTO "favorites" ("user_id", "book_id", "created_at", "updated_at") VALUES (?, ?, ?, ?)[0m  [["user_id", 1], ["book_id", 2], ["created_at", "2021-12-05 02:54:40.130983"], ["updated_at", "2021-12-05 02:54:40.130983"]]
  ↳ app/controllers/favorites_controller.rb:5
  [1m[35m (6.6ms)[0m  [1m[36mcommit transaction[0m
  ↳ app/controllers/favorites_controller.rb:5
  Rendering favorites/create.js.erb
  [1m[36mFavorite Exists (0.1ms)[0m  [1m[34mSELECT  1 AS one FROM "favorites" WHERE "favorites"."book_id" = ? AND "favorites"."user_id" = ? LIMIT ?[0m  [["book_id", 2], ["user_id", 1], ["LIMIT", 1]]
  ↳ app/models/book.rb:8
  [1m[35m (0.1ms)[0m  [1m[34mSELECT COUNT(*) FROM "favorites" WHERE "favorites"."book_id" = ?[0m  [["book_id", 2]]
  ↳ app/views/favorites/_favorite-btn.html.erb:2
  Rendered favorites/_favorite-btn.html.erb (7.5ms)
  Rendered favorites/create.js.erb (10.5ms)
Completed 200 OK in 39ms (Views: 16.1ms | ActiveRecord: 8.8ms)


Started GET "/books" for 106.72.203.2 at 2021-12-05 02:54:42 +0000
Cannot render console from 106.72.203.2! Allowed networks: 127.0.0.1, ::1, 127.0.0.0/127.255.255.255
Processing by BooksController#index as HTML
  [1m[36mUser Load (0.1ms)[0m  [1m[34mSELECT  "users".* FROM "users" WHERE "users"."id" = ? ORDER BY "users"."id" ASC LIMIT ?[0m  [["id", 1], ["LIMIT", 1]]
  ↳ /home/ec2-user/.rvm/gems/ruby-2.6.3/gems/activerecord-5.2.6/lib/active_record/log_subscriber.rb:98
  Rendering books/index.html.erb within layouts/application
  [1m[35m (0.2ms)[0m  [1m[34mSELECT COUNT(*) FROM "relationships" WHERE "relationships"."follower_id" = ?[0m  [["follower_id", 1]]
  ↳ app/views/books/_info.html.erb:15
  [1m[35m (0.1ms)[0m  [1m[34mSELECT COUNT(*) FROM "relationships" WHERE "relationships"."followed_id" = ?[0m  [["followed_id", 1]]
  ↳ app/views/books/_info.html.erb:19
  Rendered books/_info.html.erb (8.4ms)
  Rendered books/_under.html.erb (0.9ms)
  [1m[36mBook Load (0.2ms)[0m  [1m[34mSELECT "books".* FROM "books" LEFT OUTER JOIN "favorites" ON "favorites"."book_id" = "books"."id" AND "favorites"."created_at" BETWEEN ? AND ? GROUP BY "books"."id" ORDER BY count(book_id) desc[0m  [["created_at", "2021-11-29 00:00:00"], ["created_at", "2021-12-05 23:59:59.999999"]]
  ↳ app/views/books/_index.html.erb:12
  [1m[36mUser Load (0.1ms)[0m  [1m[34mSELECT  "users".* FROM "users" WHERE "users"."id" = ? LIMIT ?[0m  [["id", 1], ["LIMIT", 1]]
  ↳ app/views/books/_index.html.erb:14
  [1m[36mFavorite Exists (0.1ms)[0m  [1m[34mSELECT  1 AS one FROM "favorites" WHERE "favorites"."book_id" = ? AND "favorites"."user_id" = ? LIMIT ?[0m  [["book_id", 2], ["user_id", 1], ["LIMIT", 1]]
  ↳ app/models/book.rb:8
  [1m[35m (0.1ms)[0m  [1m[34mSELECT COUNT(*) FROM "favorites" WHERE "favorites"."book_id" = ?[0m  [["book_id", 2]]
  ↳ app/views/favorites/_favorite-btn.html.erb:2
  Rendered favorites/_favorite-btn.html.erb (6.0ms)
  [1m[35m (0.1ms)[0m  [1m[34mSELECT COUNT(*) FROM "book_comments" WHERE "book_comments"."book_id" = ?[0m  [["book_id", 2]]
  ↳ app/views/books/_index.html.erb:31
  [1m[36mCACHE User Load (0.0ms)[0m  [1m[34mSELECT  "users".* FROM "users" WHERE "users"."id" = ? LIMIT ?[0m  [["id", 1], ["LIMIT", 1]]
  ↳ app/views/books/_index.html.erb:14
  [1m[36mFavorite Exists (0.1ms)[0m  [1m[34mSELECT  1 AS one FROM "favorites" WHERE "favorites"."book_id" = ? AND "favorites"."user_id" = ? LIMIT ?[0m  [["book_id", 3], ["user_id", 1], ["LIMIT", 1]]
  ↳ app/models/book.rb:8
  [1m[35m (0.1ms)[0m  [1m[34mSELECT COUNT(*) FROM "favorites" WHERE "favorites"."book_id" = ?[0m  [["book_id", 3]]
  ↳ app/views/favorites/_favorite-btn.html.erb:2
  Rendered favorites/_favorite-btn.html.erb (4.6ms)
  [1m[35m (0.1ms)[0m  [1m[34mSELECT COUNT(*) FROM "book_comments" WHERE "book_comments"."book_id" = ?[0m  [["book_id", 3]]
  ↳ app/views/books/_index.html.erb:31
  [1m[36mCACHE User Load (0.0ms)[0m  [1m[34mSELECT  "users".* FROM "users" WHERE "users"."id" = ? LIMIT ?[0m  [["id", 1], ["LIMIT", 1]]
  ↳ app/views/books/_index.html.erb:14
  [1m[36mFavorite Exists (0.1ms)[0m  [1m[34mSELECT  1 AS one FROM "favorites" WHERE "favorites"."book_id" = ? AND "favorites"."user_id" = ? LIMIT ?[0m  [["book_id", 1], ["user_id", 1], ["LIMIT", 1]]
  ↳ app/models/book.rb:8
  [1m[35m (0.1ms)[0m  [1m[34mSELECT COUNT(*) FROM "favorites" WHERE "favorites"."book_id" = ?[0m  [["book_id", 1]]
  ↳ app/views/favorites/_favorite-btn.html.erb:4
  Rendered favorites/_favorite-btn.html.erb (4.7ms)
  [1m[35m (0.1ms)[0m  [1m[34mSELECT COUNT(*) FROM "book_comments" WHERE "book_comments"."book_id" = ?[0m  [["book_id", 1]]
  ↳ app/views/books/_index.html.erb:31
  Rendered books/_index.html.erb (36.1ms)
  Rendered books/index.html.erb within layouts/application (49.8ms)
Completed 200 OK in 158ms (Views: 153.0ms | ActiveRecord: 1.7ms)


